<?xml version="1.0" encoding="UTF-8"?>
<!-- Generated by org.testng.reporters.JUnitReportReporter -->
<testsuite hostname="GSY-IBhangu" failures="0" tests="1" name="automation.Fusion" time="67.138" errors="0" timestamp="3 May 2021 18:01:37 GMT">
  <testcase classname="automation.Fusion" name="m1" time="67.138"/>
</testsuite> <!-- automation.Fusion -->
